Flutter crash report.
Please report a bug at https://github.com/flutter/flutter/issues.

## command

flutter build ios-framework --output=Frameworks --no-profile

## exception

FileSystemException: FileSystemException: Deletion failed, path = '/Users/shivmohansingh/Desktop/naseem_repo/Frameworks/Debug' (OS Error: Directory not empty, errno = 66)

```
#0      _Directory._deleteSync (dart:io/directory_impl.dart:193:7)
#1      FileSystemEntity.deleteSync (dart:io/file_system_entity.dart:424:7)
#2      ForwardingFileSystemEntity.deleteSync (package:file/src/forwarding/forwarding_file_system_entity.dart:70:16)
#3      ErrorHandlingDirectory.deleteSync.<anonymous closure> (package:flutter_tools/src/base/error_handling_io.dart:481:22)
#4      _runSync (package:flutter_tools/src/base/error_handling_io.dart:590:14)
#5      ErrorHandlingDirectory.deleteSync (package:flutter_tools/src/base/error_handling_io.dart:480:12)
#6      BuildIOSFrameworkCommand.runCommand (package:flutter_tools/src/commands/build_ios_framework.dart:247:23)
<asynchronous suspension>
#7      FlutterCommand.run.<anonymous closure> (package:flutter_tools/src/runner/flutter_command.dart:1297:27)
<asynchronous suspension>
#8      AppContext.run.<anonymous closure> (package:flutter_tools/src/base/context.dart:150:19)
<asynchronous suspension>
#9      CommandRunner.runCommand (package:args/command_runner.dart:212:13)
<asynchronous suspension>
#10     FlutterCommandRunner.runCommand.<anonymous closure> (package:flutter_tools/src/runner/flutter_command_runner.dart:339:9)
<asynchronous suspension>
#11     AppContext.run.<anonymous closure> (package:flutter_tools/src/base/context.dart:150:19)
<asynchronous suspension>
#12     FlutterCommandRunner.runCommand (package:flutter_tools/src/runner/flutter_command_runner.dart:285:5)
<asynchronous suspension>
#13     run.<anonymous closure>.<anonymous closure> (package:flutter_tools/runner.dart:115:9)
<asynchronous suspension>
#14     AppContext.run.<anonymous closure> (package:flutter_tools/src/base/context.dart:150:19)
<asynchronous suspension>
#15     main (package:flutter_tools/executable.dart:90:3)
<asynchronous suspension>
```

## flutter doctor

```
[32m[✓][39m Flutter (Channel stable, 3.13.3, on macOS 14.3.1 23D60 darwin-arm64, locale en-GB)
    [32m•[39m Flutter version 3.13.3 on channel stable at /Users/shivmohansingh/flutter
    [32m•[39m Upstream repository https://github.com/flutter/flutter.git
    [32m•[39m Framework revision 2524052335 (6 months ago), 2023-09-06 14:32:31 -0700
    [32m•[39m Engine revision b8d35810e9
    [32m•[39m Dart version 3.1.1
    [32m•[39m DevTools version 2.25.0

[33m[!][39m Android toolchain - develop for Android devices (Android SDK version 33.0.2)
    [32m•[39m Android SDK at /Users/shivmohansingh/Library/Android/sdk
    [31m✗[39m cmdline-tools component is missing
      Run `path/to/sdkmanager --install "cmdline-tools;latest"`
      See https://developer.android.com/studio/command-line for more details.
    [31m✗[39m Android license status unknown.
      Run `flutter doctor --android-licenses` to accept the SDK licenses.
      See https://flutter.dev/docs/get-started/install/macos#android-setup for more details.

[32m[✓][39m Xcode - develop for iOS and macOS (Xcode 15.2)
    [32m•[39m Xcode at /Applications/Xcode.app/Contents/Developer
    [32m•[39m Build 15C500b
    [32m•[39m CocoaPods version 1.15.2

[32m[✓][39m Chrome - develop for the web
    [32m•[39m Chrome at /Applications/Google Chrome.app/Contents/MacOS/Google Chrome

[32m[✓][39m Android Studio (version 2022.2)
    [32m•[39m Android Studio at /Applications/Android Studio.app/Contents
    [32m•[39m Flutter plugin can be installed from:
      🔨 https://plugins.jetbrains.com/plugin/9212-flutter
    [32m•[39m Dart plugin can be installed from:
      🔨 https://plugins.jetbrains.com/plugin/6351-dart
    [32m•[39m Java version OpenJDK Runtime Environment (build 17.0.6+0-17.0.6b802.4-9586694)

[32m[✓][39m VS Code (version 1.86.0)
    [32m•[39m VS Code at /Applications/Visual Studio Code.app/Contents
    [32m•[39m Flutter extension version 3.84.0

[32m[✓][39m Connected device (4 available)
    [32m•[39m Shiv Mohan’s iPhone (mobile) • a7ffc27b4a2bd940587db921b58cc142ab248393 • ios            • iOS 16.7.5
      20H307
    [32m•[39m iPhone 15 Pro (mobile)       • C1B130C2-060C-44B1-BD3E-089DAA0422DA     • ios            •
      com.apple.CoreSimulator.SimRuntime.iOS-17-2 (simulator)
    [32m•[39m macOS (desktop)              • macos                                    • darwin-arm64   • macOS 14.3.1
      23D60 darwin-arm64
    [32m•[39m Chrome (web)                 • chrome                                   • web-javascript • Google Chrome
      122.0.6261.57

[32m[✓][39m Network resources
    [32m•[39m All expected network resources are available.

[33m![39m Doctor found issues in 1 category.
```
